<?xml version="1.0" encoding="UTF-8"?>
<testsuite name="Lecture6ExercisesTest" tests="11" skipped="0" failures="0" errors="0" timestamp="2023-04-18T18:50:28" hostname="DESKTOP-6SN73R6" time="0.035">
  <properties/>
  <testcase name="matrixProduct()" classname="Lecture6ExercisesTest" time="0.014"/>
  <testcase name="primeFactorsOne()" classname="Lecture6ExercisesTest" time="0.001"/>
  <testcase name="calculateEvenSumBig()" classname="Lecture6ExercisesTest" time="0.001"/>
  <testcase name="calculateEvenSumOdd()" classname="Lecture6ExercisesTest" time="0.001"/>
  <testcase name="reverseArray()" classname="Lecture6ExercisesTest" time="0.002"/>
  <testcase name="primeFactorsSample()" classname="Lecture6ExercisesTest" time="0.002"/>
  <testcase name="calculateEvenSumEven()" classname="Lecture6ExercisesTest" time="0.001"/>
  <testcase name="arrayToList()" classname="Lecture6ExercisesTest" time="0.001"/>
  <testcase name="matrixProductWrong()" classname="Lecture6ExercisesTest" time="0.002"/>
  <testcase name="primeFactorsPrime()" classname="Lecture6ExercisesTest" time="0.001"/>
  <testcase name="extractWord()" classname="Lecture6ExercisesTest" time="0.001"/>
  <system-out><![CDATA[2
3
5
13
]]></system-out>
  <system-err><![CDATA[]]></system-err>
</testsuite>
